<?xml version="1.0" encoding="UTF-8"?>
<coverage generated="1669854344020" clover="3.2.0">
  <project timestamp="1669854344021" name="All files">
    <metrics statements="45" coveredstatements="41" conditionals="10" coveredconditionals="2" methods="7" coveredmethods="5" elements="62" coveredelements="48" complexity="0" loc="45" ncloc="45" packages="2" files="9" classes="9"/>
    <package name="config">
      <metrics statements="13" coveredstatements="11" conditionals="4" coveredconditionals="1" methods="3" coveredmethods="1"/>
      <file name="database.ts" path="/home/belleomoraes/Documents/calvs-drivent/src/config/database.ts">
        <metrics statements="5" coveredstatements="3" conditionals="0" coveredconditionals="0" methods="2" coveredmethods="0"/>
        <line num="1" count="3" type="stmt"/>
        <line num="4" count="3" type="stmt"/>
        <line num="5" count="0" type="stmt"/>
        <line num="8" count="3" type="stmt"/>
        <line num="9" count="0" type="stmt"/>
      </file>
      <file name="envs.ts" path="/home/belleomoraes/Documents/calvs-drivent/src/config/envs.ts">
        <metrics statements="6" coveredstatements="6" conditionals="4" coveredconditionals="1" methods="1" coveredmethods="1"/>
        <line num="1" count="3" type="stmt"/>
        <line num="2" count="3" type="stmt"/>
        <line num="4" count="3" type="stmt"/>
        <line num="6" count="3" type="cond" truecount="1" falsecount="1"/>
        <line num="12" count="3" type="stmt"/>
        <line num="13" count="3" type="stmt"/>
      </file>
      <file name="index.ts" path="/home/belleomoraes/Documents/calvs-drivent/src/config/index.ts">
        <metrics statements="2" coveredstatements="2" conditionals="0" coveredconditionals="0" methods="0" coveredmethods="0"/>
        <line num="1" count="3" type="stmt"/>
        <line num="2" count="3" type="stmt"/>
      </file>
    </package>
    <package name="schemas">
      <metrics statements="32" coveredstatements="30" conditionals="6" coveredconditionals="1" methods="4" coveredmethods="4"/>
      <file name="authentication-schemas.ts" path="/home/belleomoraes/Documents/calvs-drivent/src/schemas/authentication-schemas.ts">
        <metrics statements="2" coveredstatements="2" conditionals="0" coveredconditionals="0" methods="0" coveredmethods="0"/>
        <line num="2" count="3" type="stmt"/>
        <line num="4" count="3" type="stmt"/>
      </file>
      <file name="enrollments-schemas.ts" path="/home/belleomoraes/Documents/calvs-drivent/src/schemas/enrollments-schemas.ts">
        <metrics statements="19" coveredstatements="17" conditionals="6" coveredconditionals="1" methods="4" coveredmethods="4"/>
        <line num="2" count="3" type="stmt"/>
        <line num="3" count="3" type="stmt"/>
        <line num="5" count="3" type="stmt"/>
        <line num="7" count="3" type="stmt"/>
        <line num="9" count="3" type="stmt"/>
        <line num="11" count="3" type="stmt"/>
        <line num="23" count="81" type="stmt"/>
        <line num="31" count="26" type="cond" truecount="0" falsecount="1"/>
        <line num="33" count="26" type="cond" truecount="1" falsecount="0"/>
        <line num="34" count="1" type="stmt"/>
        <line num="37" count="25" type="stmt"/>
        <line num="41" count="16" type="cond" truecount="0" falsecount="1"/>
        <line num="43" count="16" type="cond" truecount="0" falsecount="1"/>
        <line num="44" count="0" type="stmt"/>
        <line num="47" count="16" type="stmt"/>
        <line num="51" count="20" type="cond" truecount="0" falsecount="1"/>
        <line num="53" count="20" type="cond" truecount="0" falsecount="1"/>
        <line num="54" count="0" type="stmt"/>
        <line num="57" count="20" type="stmt"/>
      </file>
      <file name="index.ts" path="/home/belleomoraes/Documents/calvs-drivent/src/schemas/index.ts">
        <metrics statements="5" coveredstatements="5" conditionals="0" coveredconditionals="0" methods="0" coveredmethods="0"/>
        <line num="1" count="3" type="stmt"/>
        <line num="2" count="3" type="stmt"/>
        <line num="3" count="3" type="stmt"/>
        <line num="4" count="3" type="stmt"/>
        <line num="5" count="3" type="stmt"/>
      </file>
      <file name="payments-schemas.ts" path="/home/belleomoraes/Documents/calvs-drivent/src/schemas/payments-schemas.ts">
        <metrics statements="2" coveredstatements="2" conditionals="0" coveredconditionals="0" methods="0" coveredmethods="0"/>
        <line num="1" count="3" type="stmt"/>
        <line num="3" count="3" type="stmt"/>
      </file>
      <file name="tickets-schemas.ts" path="/home/belleomoraes/Documents/calvs-drivent/src/schemas/tickets-schemas.ts">
        <metrics statements="2" coveredstatements="2" conditionals="0" coveredconditionals="0" methods="0" coveredmethods="0"/>
        <line num="1" count="3" type="stmt"/>
        <line num="3" count="3" type="stmt"/>
      </file>
      <file name="users-schemas.ts" path="/home/belleomoraes/Documents/calvs-drivent/src/schemas/users-schemas.ts">
        <metrics statements="2" coveredstatements="2" conditionals="0" coveredconditionals="0" methods="0" coveredmethods="0"/>
        <line num="2" count="3" type="stmt"/>
        <line num="4" count="3" type="stmt"/>
      </file>
    </package>
  </project>
</coverage>
