TN:
SF:src/app.ts
FN:26,(anonymous_1)
FN:37,init
FN:42,close
FNF:3
FNH:2
FNDA:1,(anonymous_1)
FNDA:11,init
FNDA:0,close
DA:1,11
DA:2,11
DA:3,11
DA:4,11
DA:6,11
DA:8,11
DA:10,11
DA:11,11
DA:22,11
DA:23,11
DA:26,1
DA:37,11
DA:38,11
DA:39,11
DA:42,11
DA:43,0
DA:46,11
LF:17
LH:16
BRF:0
BRH:0
end_of_record
TN:
SF:src/config/database.ts
FN:4,connectDb
FN:8,disconnectDB
FNF:2
FNH:1
FNDA:11,connectDb
FNDA:0,disconnectDB
DA:1,14
DA:4,14
DA:5,11
DA:8,14
DA:9,0
LF:5
LH:4
BRF:0
BRH:0
end_of_record
TN:
SF:src/config/envs.ts
FN:4,loadEnv
FNF:1
FNH:1
FNDA:25,loadEnv
DA:1,14
DA:2,14
DA:4,14
DA:6,25
DA:12,25
DA:13,25
LF:6
LH:6
BRDA:6,0,0,25
BRDA:6,0,1,0
BRDA:8,1,0,0
BRDA:8,1,1,0
BRF:4
BRH:1
end_of_record
TN:
SF:src/config/index.ts
FNF:0
FNH:0
DA:1,14
DA:2,14
LF:2
LH:2
BRF:0
BRH:0
end_of_record
TN:
SF:src/controllers/authentication-controller.ts
FN:4,singInPost
FNF:1
FNH:1
FNDA:5,singInPost
DA:1,11
DA:3,11
DA:4,11
DA:5,5
DA:7,5
DA:8,5
DA:10,3
DA:12,2
LF:8
LH:8
BRF:0
BRH:0
end_of_record
TN:
SF:src/controllers/booking-controller.ts
FN:6,getBooking
FN:23,createBooking
FN:46,changeBooking
FNF:3
FNH:3
FNDA:5,getBooking
FNDA:11,createBooking
FNDA:13,changeBooking
DA:2,11
DA:4,11
DA:6,11
DA:7,5
DA:8,5
DA:9,5
DA:11,0
DA:13,5
DA:14,1
DA:17,4
DA:18,4
DA:23,11
DA:24,11
DA:25,11
DA:27,11
DA:28,2
DA:31,9
DA:32,9
DA:34,1
DA:36,8
DA:37,2
DA:40,6
DA:41,6
DA:46,11
DA:47,13
DA:48,13
DA:49,13
DA:51,13
DA:52,2
DA:55,11
DA:56,11
DA:58,1
DA:60,10
DA:61,2
DA:64,8
DA:65,8
LF:36
LH:35
BRDA:13,0,0,1
BRDA:17,1,0,4
BRDA:27,2,0,2
BRDA:36,3,0,2
BRDA:40,4,0,6
BRDA:51,5,0,2
BRDA:51,6,0,13
BRDA:51,6,1,11
BRDA:60,7,0,2
BRDA:64,8,0,8
BRF:10
BRH:10
end_of_record
TN:
SF:src/controllers/enrollments-controller.ts
FN:6,getEnrollmentByUser
FN:18,postCreateOrUpdateEnrollment
FN:31,getAddressFromCEP
FNF:3
FNH:3
FNDA:2,getEnrollmentByUser
FNDA:2,postCreateOrUpdateEnrollment
FNDA:2,getAddressFromCEP
DA:2,11
DA:4,11
DA:6,11
DA:7,2
DA:9,2
DA:10,2
DA:12,1
DA:14,1
DA:18,11
DA:19,2
DA:20,2
DA:25,0
DA:27,2
DA:31,11
DA:32,2
DA:34,2
DA:35,2
DA:36,1
DA:38,1
DA:39,1
LF:20
LH:19
BRDA:38,0,0,1
BRF:1
BRH:1
end_of_record
TN:
SF:src/controllers/events-controller.ts
FN:5,getDefaultEvent
FNF:1
FNH:1
FNDA:2,getDefaultEvent
DA:1,11
DA:3,11
DA:5,11
DA:6,2
DA:7,2
DA:8,1
DA:10,1
LF:7
LH:7
BRF:0
BRH:0
end_of_record
TN:
SF:src/controllers/hotels-controller.ts
FN:6,getHotels
FN:23,getRoomByHotelId
FNF:2
FNH:2
FNDA:6,getHotels
FNDA:2,getRoomByHotelId
DA:2,11
DA:4,11
DA:6,11
DA:7,6
DA:8,6
DA:9,6
DA:11,1
DA:13,5
DA:14,4
DA:17,1
DA:18,1
DA:23,11
DA:24,2
DA:25,2
DA:26,2
DA:27,0
DA:29,2
DA:30,2
DA:32,1
DA:34,1
DA:35,1
DA:38,0
DA:39,0
LF:23
LH:20
BRDA:13,0,0,4
BRDA:17,1,0,1
BRDA:26,2,0,0
BRDA:34,3,0,1
BRDA:38,4,0,0
BRF:5
BRH:3
end_of_record
TN:
SF:src/controllers/index.ts
FNF:0
FNH:0
DA:1,11
DA:2,11
DA:3,11
DA:4,11
DA:5,11
DA:6,11
DA:7,11
DA:8,11
LF:8
LH:8
BRF:0
BRH:0
end_of_record
TN:
SF:src/controllers/payments-controller.ts
FN:6,getPayments
FN:28,insertPayment
FNF:2
FNH:2
FNDA:2,getPayments
FNDA:4,insertPayment
DA:2,11
DA:4,11
DA:6,11
DA:7,2
DA:8,2
DA:9,2
DA:10,1
DA:13,2
DA:14,2
DA:16,0
DA:18,2
DA:19,1
DA:22,1
DA:23,0
DA:28,11
DA:29,4
DA:30,4
DA:32,4
DA:33,4
DA:35,3
DA:37,1
DA:38,0
DA:41,1
DA:42,1
LF:24
LH:21
BRDA:9,0,0,1
BRDA:18,1,0,1
BRDA:22,2,0,0
BRDA:37,3,0,0
BRDA:41,4,0,1
BRF:5
BRH:3
end_of_record
TN:
SF:src/controllers/tickets-controller.ts
FN:6,getTicketsTypes
FN:16,getTickets
FN:30,insertTicket
FNF:3
FNH:3
FNDA:2,getTicketsTypes
FNDA:2,getTickets
FNDA:2,insertTicket
DA:2,11
DA:4,11
DA:6,11
DA:7,2
DA:8,2
DA:10,2
DA:12,0
DA:16,11
DA:17,2
DA:19,2
DA:20,2
DA:22,1
DA:24,1
DA:25,1
DA:30,11
DA:31,2
DA:32,2
DA:34,2
DA:35,2
DA:37,1
DA:39,1
DA:40,1
LF:22
LH:21
BRDA:24,0,0,1
BRDA:39,1,0,1
BRF:2
BRH:2
end_of_record
TN:
SF:src/controllers/users-controller.ts
FN:5,usersPost
FNF:1
FNH:1
FNDA:6,usersPost
DA:1,11
DA:3,11
DA:5,11
DA:6,6
DA:8,6
DA:9,6
DA:10,1
DA:15,5
DA:16,1
DA:18,4
LF:10
LH:10
BRDA:15,0,0,1
BRF:1
BRH:1
end_of_record
TN:
SF:src/errors/cannot-enroll-before-start-date-error.ts
FN:3,cannotEnrollBeforeStartDateError
FNF:1
FNH:1
FNDA:5,cannotEnrollBeforeStartDateError
DA:3,11
DA:4,5
LF:2
LH:2
BRF:0
BRH:0
end_of_record
TN:
SF:src/errors/conflict-error.ts
FN:3,conflictError
FNF:1
FNH:0
FNDA:0,conflictError
DA:3,11
DA:4,0
LF:2
LH:1
BRF:0
BRH:0
end_of_record
TN:
SF:src/errors/forbidden-error.ts
FN:3,forbiddenError
FNF:1
FNH:1
FNDA:18,forbiddenError
DA:3,11
DA:4,18
LF:2
LH:2
BRF:0
BRH:0
end_of_record
TN:
SF:src/errors/index.ts
FNF:0
FNH:0
DA:1,11
DA:2,11
DA:3,11
DA:4,11
DA:5,11
DA:6,11
DA:7,11
DA:8,11
DA:9,11
LF:9
LH:9
BRF:0
BRH:0
end_of_record
TN:
SF:src/errors/invalid-data-error.ts
FN:3,invalidDataError
FNF:1
FNH:1
FNDA:7,invalidDataError
DA:3,11
DA:4,7
LF:2
LH:2
BRF:0
BRH:0
end_of_record
TN:
SF:src/errors/invalid-email-error.ts
FN:3,invalidEmailError
FNF:1
FNH:0
FNDA:0,invalidEmailError
DA:3,11
DA:4,0
LF:2
LH:1
BRF:0
BRH:0
end_of_record
TN:
SF:src/errors/not-found-error.ts
FN:3,notFoundError
FNF:1
FNH:1
FNDA:16,notFoundError
DA:3,11
DA:4,16
LF:2
LH:2
BRF:0
BRH:0
end_of_record
TN:
SF:src/errors/not-paid-error.ts
FN:3,paymentError
FNF:1
FNH:1
FNDA:1,paymentError
DA:3,11
DA:4,1
LF:2
LH:2
BRF:0
BRH:0
end_of_record
TN:
SF:src/errors/request-error.ts
FN:3,requestError
FNF:1
FNH:1
FNDA:1,requestError
DA:3,11
DA:4,1
LF:2
LH:2
BRF:0
BRH:0
end_of_record
TN:
SF:src/errors/unauthorized-error.ts
FN:3,unauthorizedError
FNF:1
FNH:1
FNDA:39,unauthorizedError
DA:3,11
DA:4,39
LF:2
LH:2
BRF:0
BRH:0
end_of_record
TN:
SF:src/middlewares/authentication-middleware.ts
FN:8,authenticateToken
FN:33,generateUnauthorizedResponse
FNF:2
FNH:2
FNDA:94,authenticateToken
FNDA:38,generateUnauthorizedResponse
DA:2,11
DA:3,11
DA:5,11
DA:6,11
DA:8,11
DA:9,94
DA:10,94
DA:12,82
DA:13,82
DA:15,82
DA:16,82
DA:18,70
DA:23,70
DA:25,56
DA:27,56
DA:29,12
DA:34,38
LF:17
LH:17
BRDA:10,0,0,12
BRDA:13,1,0,0
BRDA:23,2,0,14
BRF:3
BRH:2
end_of_record
TN:
SF:src/middlewares/error-handling-middleware.ts
FN:5,handleApplicationErrors
FNF:1
FNH:0
FNDA:0,handleApplicationErrors
DA:3,11
DA:5,11
DA:6,0
DA:7,0
DA:12,0
DA:13,0
DA:18,0
DA:19,0
DA:24,0
DA:25,0
DA:30,0
DA:31,0
DA:36,0
DA:37,0
DA:43,0
DA:44,0
LF:16
LH:2
BRDA:6,0,0,0
BRDA:12,1,0,0
BRDA:12,2,0,0
BRDA:12,2,1,0
BRDA:18,3,0,0
BRDA:24,4,0,0
BRDA:30,5,0,0
BRDA:36,6,0,0
BRF:8
BRH:0
end_of_record
TN:
SF:src/middlewares/index.ts
FNF:0
FNH:0
DA:1,11
DA:2,11
DA:3,11
LF:3
LH:3
BRF:0
BRH:0
end_of_record
TN:
SF:src/middlewares/validation-middleware.ts
FN:6,validateBody
FN:10,validateParams
FN:14,validate
FN:15,(anonymous_4)
FN:23,(anonymous_5)
FNF:5
FNH:4
FNDA:55,validateBody
FNDA:0,validateParams
FNDA:55,validate
FNDA:26,(anonymous_4)
FNDA:18,(anonymous_5)
DA:1,11
DA:3,11
DA:6,11
DA:7,55
DA:10,11
DA:11,0
DA:15,55
DA:16,26
DA:20,26
DA:21,19
DA:23,18
LF:11
LH:10
BRDA:20,0,0,19
BRDA:20,0,1,7
BRF:2
BRH:2
end_of_record
TN:
SF:src/repositories/address-repository/index.ts
FN:4,upsert
FNF:1
FNH:0
FNDA:0,upsert
DA:1,11
DA:5,0
DA:20,11
DA:24,11
LF:4
LH:3
BRF:0
BRH:0
end_of_record
TN:
SF:src/repositories/booking-repository/index.ts
FN:4,findBooking
FN:15,findBookingById
FN:26,insertBooking
FN:32,getRoom
FN:43,updateBooking
FNF:5
FNH:5
FNDA:3,findBooking
FNDA:4,findBookingById
FNDA:1,insertBooking
FNDA:12,getRoom
FNDA:1,updateBooking
DA:1,11
DA:5,3
DA:16,4
DA:27,1
DA:33,12
DA:44,1
DA:53,11
DA:61,11
LF:8
LH:8
BRF:0
BRH:0
end_of_record
TN:
SF:src/repositories/enrollment-repository/index.ts
FN:4,findWithAddressByUserId
FN:13,upsert
FNF:2
FNH:2
FNDA:2,findWithAddressByUserId
FNDA:2,upsert
DA:1,11
DA:5,2
DA:18,2
DA:30,11
DA:35,11
LF:5
LH:5
BRF:0
BRH:0
end_of_record
TN:
SF:src/repositories/event-repository/index.ts
FN:3,findFirst
FNF:1
FNH:1
FNDA:11,findFirst
DA:1,11
DA:4,11
DA:7,11
DA:11,11
LF:4
LH:4
BRF:0
BRH:0
end_of_record
TN:
SF:src/repositories/hotels-repository/index.ts
FN:3,findHotels
FN:7,findRoomByHotelId
FNF:2
FNH:2
FNDA:1,findHotels
FNDA:1,findRoomByHotelId
DA:1,11
DA:4,1
DA:8,1
DA:18,11
DA:23,11
LF:5
LH:5
BRF:0
BRH:0
end_of_record
TN:
SF:src/repositories/payments-repository/index.ts
FN:5,findPayments
FN:13,findTicketId
FN:21,findTicketOwnership
FN:32,findTicketValue
FN:43,createPaymentUpdateTicket
FNF:5
FNH:4
FNDA:0,findPayments
FNDA:6,findTicketId
FNDA:4,findTicketOwnership
FNDA:3,findTicketValue
FNDA:3,createPaymentUpdateTicket
DA:1,11
DA:3,11
DA:6,0
DA:14,6
DA:22,4
DA:33,3
DA:44,3
DA:48,3
DA:57,3
DA:60,11
DA:81,11
LF:11
LH:10
BRF:0
BRH:0
end_of_record
TN:
SF:src/repositories/session-repository/index.ts
FN:4,create
FNF:1
FNH:1
FNDA:5,create
DA:1,11
DA:5,5
DA:10,11
DA:14,11
LF:4
LH:4
BRF:0
BRH:0
end_of_record
TN:
SF:src/repositories/tickets-repository/index.ts
FN:4,findTypes
FN:8,findTickets
FN:19,findEnrollmentId
FN:27,findTicketTypeId
FN:34,createTicket
FNF:5
FNH:5
FNDA:2,findTypes
FNDA:29,findTickets
FNDA:37,findEnrollmentId
FNDA:1,findTicketTypeId
FNDA:1,createTicket
DA:1,11
DA:5,2
DA:9,29
DA:20,37
DA:28,1
DA:35,1
DA:39,1
DA:48,1
DA:51,11
DA:59,11
LF:10
LH:10
BRF:0
BRH:0
end_of_record
TN:
SF:src/repositories/user-repository/index.ts
FN:4,findByEmail
FN:18,create
FNF:2
FNH:2
FNDA:13,findByEmail
FNDA:2,create
DA:1,11
DA:5,13
DA:11,13
DA:12,9
DA:15,13
DA:19,2
DA:24,11
DA:29,11
LF:8
LH:8
BRDA:11,0,0,9
BRF:1
BRH:1
end_of_record
TN:
SF:src/routers/authentication-router.ts
FNF:0
FNH:0
DA:1,11
DA:2,11
DA:3,11
DA:4,11
DA:6,11
DA:8,11
DA:10,11
LF:7
LH:7
BRF:0
BRH:0
end_of_record
TN:
SF:src/routers/booking-router.ts
FNF:0
FNH:0
DA:1,11
DA:2,11
DA:3,11
DA:5,11
DA:7,11
DA:9,11
LF:6
LH:6
BRF:0
BRH:0
end_of_record
TN:
SF:src/routers/enrollments-router.ts
FNF:0
FNH:0
DA:1,11
DA:2,11
DA:3,11
DA:4,11
DA:6,11
DA:8,11
DA:14,11
LF:7
LH:7
BRF:0
BRH:0
end_of_record
TN:
SF:src/routers/events-router.ts
FNF:0
FNH:0
DA:1,11
DA:2,11
DA:4,11
DA:6,11
DA:8,11
LF:5
LH:5
BRF:0
BRH:0
end_of_record
TN:
SF:src/routers/hotels-router.ts
FNF:0
FNH:0
DA:1,11
DA:2,11
DA:3,11
DA:5,11
DA:7,11
DA:9,11
LF:6
LH:6
BRF:0
BRH:0
end_of_record
TN:
SF:src/routers/index.ts
FNF:0
FNH:0
DA:1,11
DA:2,11
DA:3,11
DA:4,11
DA:5,11
DA:6,11
DA:7,11
DA:8,11
LF:8
LH:8
BRF:0
BRH:0
end_of_record
TN:
SF:src/routers/payments-router.ts
FNF:0
FNH:0
DA:1,11
DA:2,11
DA:3,11
DA:4,11
DA:6,11
DA:8,11
DA:10,11
LF:7
LH:7
BRF:0
BRH:0
end_of_record
TN:
SF:src/routers/tickets-router.ts
FNF:0
FNH:0
DA:1,11
DA:2,11
DA:3,11
DA:4,11
DA:5,11
DA:7,11
DA:13,11
LF:7
LH:7
BRF:0
BRH:0
end_of_record
TN:
SF:src/routers/users-router.ts
FNF:0
FNH:0
DA:1,11
DA:3,11
DA:4,11
DA:5,11
DA:7,11
DA:9,11
DA:11,11
LF:7
LH:7
BRF:0
BRH:0
end_of_record
TN:
SF:src/schemas/authentication-schemas.ts
FNF:0
FNH:0
DA:2,14
DA:4,14
LF:2
LH:2
BRF:0
BRH:0
end_of_record
TN:
SF:src/schemas/enrollments-schemas.ts
FN:23,(anonymous_1)
FN:30,joiCpfValidation
FN:40,JoiCepValidation
FN:50,joiMobilePhoneValidation
FNF:4
FNH:4
FNDA:378,(anonymous_1)
FNDA:29,joiCpfValidation
FNDA:19,JoiCepValidation
FNDA:23,joiMobilePhoneValidation
DA:2,14
DA:3,14
DA:5,14
DA:7,14
DA:9,14
DA:11,14
DA:23,378
DA:31,29
DA:33,29
DA:34,1
DA:37,28
DA:41,19
DA:43,19
DA:44,1
DA:47,18
DA:51,23
DA:53,23
DA:54,0
DA:57,23
LF:19
LH:18
BRDA:31,0,0,0
BRDA:33,1,0,1
BRDA:41,2,0,0
BRDA:43,3,0,1
BRDA:51,4,0,0
BRDA:53,5,0,0
BRF:6
BRH:2
end_of_record
TN:
SF:src/schemas/index.ts
FNF:0
FNH:0
DA:1,14
DA:2,14
DA:3,14
DA:4,14
DA:5,14
LF:5
LH:5
BRF:0
BRH:0
end_of_record
TN:
SF:src/schemas/payments-schemas.ts
FNF:0
FNH:0
DA:1,14
DA:3,14
LF:2
LH:2
BRF:0
BRH:0
end_of_record
TN:
SF:src/schemas/tickets-schemas.ts
FNF:0
FNH:0
DA:1,14
DA:3,14
LF:2
LH:2
BRF:0
BRH:0
end_of_record
TN:
SF:src/schemas/users-schemas.ts
FNF:0
FNH:0
DA:2,14
DA:4,14
LF:2
LH:2
BRF:0
BRH:0
end_of_record
TN:
SF:src/services/authentication-service/errors.ts
FN:3,invalidCredentialsError
FNF:1
FNH:1
FNDA:6,invalidCredentialsError
DA:3,11
DA:4,6
LF:2
LH:2
BRF:0
BRH:0
end_of_record
TN:
SF:src/services/authentication-service/index.ts
FN:9,signIn
FN:24,getUserOrFail
FN:31,createSession
FN:41,validatePasswordOrFail
FNF:4
FNH:4
FNDA:9,signIn
FNDA:9,getUserOrFail
FNDA:5,createSession
FNDA:7,validatePasswordOrFail
DA:1,11
DA:2,11
DA:3,11
DA:5,11
DA:6,11
DA:7,11
DA:10,9
DA:12,9
DA:14,7
DA:16,5
DA:18,5
DA:25,9
DA:26,9
DA:28,7
DA:32,5
DA:33,5
DA:38,5
DA:42,7
DA:43,7
DA:55,11
DA:59,11
DA:60,11
LF:22
LH:22
BRDA:26,0,0,2
BRDA:43,1,0,2
BRF:2
BRH:2
end_of_record
TN:
SF:src/services/booking-service/index.ts
FN:6,getBooking
FN:23,createBooking
FN:48,changeBooking
FN:71,getEnrollmentId
FN:78,checkTicket
FNF:5
FNH:5
FNDA:5,getBooking
FNDA:9,createBooking
FNDA:11,changeBooking
FNDA:25,getEnrollmentId
FNDA:22,checkTicket
DA:1,11
DA:2,11
DA:3,11
DA:7,5
DA:9,4
DA:11,1
DA:13,1
DA:14,1
DA:17,0
DA:24,9
DA:25,8
DA:26,5
DA:28,5
DA:29,2
DA:32,3
DA:33,1
DA:36,2
DA:37,2
DA:38,1
DA:41,1
DA:43,1
DA:45,1
DA:49,11
DA:50,10
DA:51,7
DA:53,7
DA:54,2
DA:57,5
DA:58,1
DA:61,4
DA:62,4
DA:63,3
DA:66,1
DA:68,1
DA:72,25
DA:73,25
DA:74,3
DA:76,22
DA:79,22
DA:81,22
DA:82,9
DA:85,13
DA:88,11
DA:94,11
LF:44
LH:43
BRDA:13,0,0,1
BRDA:28,1,0,2
BRDA:32,2,0,1
BRDA:37,3,0,1
BRDA:53,4,0,2
BRDA:57,5,0,1
BRDA:62,6,0,3
BRDA:62,7,0,4
BRDA:62,7,1,2
BRDA:73,8,0,3
BRDA:81,9,0,9
BRDA:81,10,0,22
BRDA:81,10,1,19
BRDA:81,10,2,16
BRF:14
BRH:14
end_of_record
TN:
SF:src/services/enrollments-service/index.ts
FN:9,getAddressFromCEP
FN:29,getOneWithAddressByUserId
FN:45,getFirstAddress
FN:53,createOrUpdateEnrollmentWithAddress
FN:69,getAddressForUpsert
FNF:5
FNH:5
FNDA:4,getAddressFromCEP
FNDA:2,getOneWithAddressByUserId
FNDA:1,getFirstAddress
FNDA:2,createOrUpdateEnrollmentWithAddress
FNDA:2,getAddressForUpsert
DA:2,11
DA:3,11
DA:4,11
DA:5,11
DA:6,11
DA:10,4
DA:12,4
DA:13,1
DA:16,3
DA:18,3
DA:26,3
DA:30,2
DA:32,2
DA:34,1
DA:35,1
DA:37,1
DA:46,1
DA:48,1
DA:54,2
DA:55,2
DA:59,2
DA:60,2
DA:61,0
DA:64,2
DA:66,0
DA:70,2
DA:80,11
DA:86,11
LF:28
LH:26
BRDA:12,0,0,1
BRDA:32,1,0,1
BRDA:39,2,0,1
BRDA:39,2,1,1
BRDA:46,3,0,0
BRDA:60,4,0,0
BRDA:72,5,0,2
BRDA:72,5,1,2
BRF:8
BRH:6
end_of_record
TN:
SF:src/services/events-service/index.ts
FN:7,getFirstEvent
FN:16,isCurrentEventActive
FNF:2
FNH:2
FNDA:2,getFirstEvent
FNDA:9,isCurrentEventActive
DA:1,11
DA:2,11
DA:3,11
DA:5,11
DA:8,2
DA:9,2
DA:11,1
DA:17,9
DA:18,9
DA:20,5
DA:21,5
DA:22,5
DA:24,5
DA:27,11
DA:32,11
LF:15
LH:15
BRDA:9,0,0,1
BRDA:18,1,0,4
BRDA:24,2,0,5
BRDA:24,2,1,4
BRF:4
BRH:4
end_of_record
TN:
SF:src/services/hotels-service/index.ts
FN:5,getHotels
FN:13,getRoomByHotelId
FN:26,getEnrollmentId
FN:34,checkTicket
FNF:4
FNH:4
FNDA:6,getHotels
FNDA:2,getRoomByHotelId
FNDA:8,getEnrollmentId
FNDA:6,checkTicket
DA:1,11
DA:2,11
DA:3,11
DA:6,6
DA:8,5
DA:10,1
DA:14,2
DA:15,1
DA:17,1
DA:19,1
DA:20,0
DA:23,1
DA:27,8
DA:28,8
DA:29,2
DA:31,6
DA:35,6
DA:37,6
DA:38,3
DA:41,3
DA:42,1
DA:46,11
DA:51,11
LF:23
LH:22
BRDA:19,0,0,0
BRDA:28,1,0,2
BRDA:37,2,0,3
BRDA:37,3,0,6
BRDA:37,3,1,4
BRDA:41,4,0,1
BRF:6
BRH:5
end_of_record
TN:
SF:src/services/payments-service/index.ts
FN:5,getPayments
FN:16,insertPayment
FN:39,getCardLastDigits
FN:43,getTicketValue
FN:49,checkTicketExistance
FN:59,checkIfTicketIsFromUser
FN:62,(anonymous_7)
FNF:7
FNH:7
FNDA:2,getPayments
FNDA:4,insertPayment
FNDA:3,getCardLastDigits
FNDA:3,getTicketValue
FNDA:6,checkTicketExistance
FNDA:4,checkIfTicketIsFromUser
FNDA:3,(anonymous_7)
DA:1,11
DA:2,11
DA:6,2
DA:7,0
DA:9,0
DA:10,0
DA:11,0
DA:13,0
DA:17,4
DA:18,4
DA:20,3
DA:22,3
DA:24,3
DA:25,3
DA:32,3
DA:33,3
DA:34,0
DA:36,3
DA:40,3
DA:44,3
DA:46,3
DA:50,6
DA:52,5
DA:53,1
DA:56,4
DA:60,4
DA:62,4
DA:63,3
DA:66,4
DA:67,1
DA:70,3
DA:72,11
DA:86,11
LF:33
LH:27
BRDA:10,0,0,0
BRDA:33,1,0,0
BRDA:52,2,0,1
BRDA:63,3,0,3
BRDA:66,4,0,1
BRF:5
BRH:3
end_of_record
TN:
SF:src/services/tickets-service/index.ts
FN:5,getTicketsTypes
FN:11,getTickets
FN:21,insertTicket
FN:43,getEnrollmentId
FNF:4
FNH:4
FNDA:2,getTicketsTypes
FNDA:2,getTickets
FNDA:2,insertTicket
FNDA:4,getEnrollmentId
DA:1,11
DA:2,11
DA:3,11
DA:6,2
DA:8,2
DA:12,2
DA:13,1
DA:15,1
DA:16,0
DA:18,1
DA:22,2
DA:24,1
DA:26,1
DA:27,0
DA:30,1
DA:36,1
DA:37,1
DA:38,0
DA:40,1
DA:44,4
DA:45,4
DA:46,2
DA:48,2
DA:51,11
DA:57,11
LF:25
LH:22
BRDA:15,0,0,0
BRDA:26,1,0,0
BRDA:37,2,0,0
BRDA:45,3,0,2
BRF:4
BRH:1
end_of_record
TN:
SF:src/services/users-service/errors.ts
FN:3,duplicatedEmailError
FNF:1
FNH:1
FNDA:4,duplicatedEmailError
DA:3,11
DA:4,4
LF:2
LH:2
BRF:0
BRH:0
end_of_record
TN:
SF:src/services/users-service/index.ts
FN:8,createUser
FN:20,validateUniqueEmailOrFail
FN:27,canEnrollOrFail
FNF:3
FNH:3
FNDA:9,createUser
FNDA:4,validateUniqueEmailOrFail
FNDA:9,canEnrollOrFail
DA:1,11
DA:2,11
DA:4,11
DA:5,11
DA:6,11
DA:8,11
DA:9,9
DA:11,4
DA:13,2
DA:14,2
DA:21,4
DA:22,4
DA:23,2
DA:28,9
DA:29,9
DA:30,5
DA:36,11
DA:40,11
DA:41,11
LF:19
LH:19
BRDA:22,0,0,2
BRDA:29,1,0,5
BRF:2
BRH:2
end_of_record
TN:
SF:src/utils/cep-service.ts
FN:4,getAddress
FNF:1
FNH:1
FNDA:4,getAddress
DA:2,11
DA:5,4
DA:6,4
DA:10,11
LF:4
LH:4
BRF:0
BRH:0
end_of_record
TN:
SF:src/utils/prisma-utils.ts
FN:1,exclude
FNF:1
FNH:1
FNDA:12,exclude
DA:1,11
DA:2,12
DA:3,12
DA:4,18
DA:6,12
LF:5
LH:5
BRF:0
BRH:0
end_of_record
TN:
SF:src/utils/request.ts
FN:4,get
FNF:1
FNH:1
FNDA:4,get
DA:1,11
DA:2,11
DA:5,4
DA:6,4
DA:7,3
DA:12,1
DA:14,1
DA:18,11
LF:8
LH:8
BRF:0
BRH:0
end_of_record
TN:
SF:tests/helpers.ts
FN:8,cleanDb
FN:22,generateValidToken
FNF:2
FNH:2
FNDA:97,cleanDb
FNDA:68,generateValidToken
DA:1,10
DA:4,10
DA:5,10
DA:6,10
DA:8,10
DA:9,97
DA:10,97
DA:11,97
DA:12,97
DA:13,96
DA:14,96
DA:15,96
DA:16,96
DA:17,96
DA:18,96
DA:19,96
DA:22,10
DA:23,68
DA:24,68
DA:26,68
DA:28,66
LF:21
LH:21
BRDA:23,0,0,68
BRDA:23,0,1,11
BRF:2
BRH:2
end_of_record
TN:
SF:tests/factories/booking-factory.ts
FN:3,createBooking
FNF:1
FNH:1
FNDA:8,createBooking
DA:1,10
DA:3,10
DA:4,8
LF:3
LH:3
BRF:0
BRH:0
end_of_record
TN:
SF:tests/factories/enrollments-factory.ts
FN:8,createEnrollmentWithAddress
FN:35,createhAddressWithCEP
FNF:2
FNH:2
FNDA:51,createEnrollmentWithAddress
FNDA:1,createhAddressWithCEP
DA:1,10
DA:2,10
DA:5,10
DA:6,10
DA:8,10
DA:9,51
DA:11,51
DA:35,10
DA:36,1
LF:9
LH:9
BRDA:9,0,0,51
BRDA:9,0,1,0
BRF:2
BRH:1
end_of_record
TN:
SF:tests/factories/events-factory.ts
FN:6,createEvent
FNF:1
FNH:1
FNDA:4,createEvent
DA:1,10
DA:2,10
DA:4,10
DA:6,10
DA:7,4
LF:5
LH:5
BRDA:6,0,0,3
BRDA:9,1,0,4
BRDA:9,1,1,4
BRDA:10,2,0,4
BRDA:10,2,1,4
BRDA:11,3,0,4
BRDA:11,3,1,4
BRDA:12,4,0,4
BRDA:12,4,1,3
BRDA:13,5,0,4
BRDA:13,5,1,4
BRF:11
BRH:11
end_of_record
TN:
SF:tests/factories/hotels-factory.ts
FN:4,createHotel
FN:13,createRoom
FN:23,createRoomWithoutCapacity
FNF:3
FNH:3
FNDA:15,createHotel
FNDA:14,createRoom
FNDA:2,createRoomWithoutCapacity
DA:1,10
DA:2,10
DA:4,10
DA:5,15
DA:13,10
DA:14,14
DA:23,10
DA:24,2
LF:8
LH:8
BRF:0
BRH:0
end_of_record
TN:
SF:tests/factories/index.ts
FNF:0
FNH:0
DA:1,10
DA:2,10
DA:3,10
DA:4,10
DA:5,10
DA:6,10
DA:7,10
DA:8,10
LF:8
LH:8
BRF:0
BRH:0
end_of_record
TN:
SF:tests/factories/payments-factory.ts
FN:4,createPayment
FN:15,generateCreditCardData
FNF:2
FNH:1
FNDA:0,createPayment
FNDA:5,generateCreditCardData
DA:1,10
DA:2,10
DA:4,10
DA:5,0
DA:15,10
DA:16,5
DA:18,5
LF:7
LH:6
BRF:0
BRH:0
end_of_record
TN:
SF:tests/factories/sessions-factory.ts
FN:5,createSession
FNF:1
FNH:1
FNDA:68,createSession
DA:2,10
DA:3,10
DA:5,10
DA:6,68
DA:8,68
LF:5
LH:5
BRF:0
BRH:0
end_of_record
TN:
SF:tests/factories/tickets-factory.ts
FN:5,createTicketType
FN:16,createTicketTypeWithoutHotel
FN:27,createTicketTypeWithHotel
FN:38,createTicket
FNF:4
FNH:4
FNDA:10,createTicketType
FNDA:5,createTicketTypeWithoutHotel
FNDA:19,createTicketTypeWithHotel
FNDA:32,createTicket
DA:1,10
DA:2,10
DA:5,10
DA:6,10
DA:16,10
DA:17,5
DA:27,10
DA:28,19
DA:38,10
DA:39,32
LF:10
LH:10
BRF:0
BRH:0
end_of_record
TN:
SF:tests/factories/users-factory.ts
FN:6,createUser
FNF:1
FNH:1
FNDA:160,createUser
DA:1,10
DA:2,10
DA:4,10
DA:6,10
DA:7,160
DA:8,160
DA:10,160
LF:7
LH:7
BRDA:6,0,0,152
BRDA:7,1,0,160
BRDA:7,1,1,152
BRDA:12,2,0,160
BRDA:12,2,1,152
BRF:5
BRH:5
end_of_record
